Teacher::__init__
Student::__init__
Controller::__init__
> Loading MNIST data...
Extracting MNIST_data/train-images-idx3-ubyte.gz
Extracting MNIST_data/train-labels-idx1-ubyte.gz
Extracting MNIST_data/t10k-images-idx3-ubyte.gz
Extracting MNIST_data/t10k-labels-idx1-ubyte.gz
trainingTeacher
Teacher::train
Starting training epoch 0
Epoch : 1, Loss : 0.087343, Accuracy: 0.976000, Test accuracy: 0.965600
Starting training epoch 1
Epoch : 2, Loss : 0.046470, Accuracy: 0.992000, Test accuracy: 0.978300
Starting training epoch 2
Epoch : 3, Loss : 0.057370, Accuracy: 0.992000, Test accuracy: 0.983400
Starting training epoch 3
Epoch : 4, Loss : 0.040107, Accuracy: 0.984000, Test accuracy: 0.985900
Starting training epoch 4
Epoch : 5, Loss : 0.061177, Accuracy: 0.984000, Test accuracy: 0.985300
Starting training epoch 5
Epoch : 6, Loss : 0.032233, Accuracy: 0.992000, Test accuracy: 0.987900
Starting training epoch 6
Epoch : 7, Loss : 0.026783, Accuracy: 0.992000, Test accuracy: 0.990200
Starting training epoch 7
Epoch : 8, Loss : 0.005881, Accuracy: 1.000000, Test accuracy: 0.990100
Starting training epoch 8
Epoch : 9, Loss : 0.007570, Accuracy: 1.000000, Test accuracy: 0.990400
Starting training epoch 9
Epoch : 10, Loss : 0.020025, Accuracy: 0.992000, Test accuracy: 0.990900
Starting training epoch 10
Epoch : 11, Loss : 0.008878, Accuracy: 0.996000, Test accuracy: 0.991100
Starting training epoch 11
Epoch : 12, Loss : 0.004747, Accuracy: 1.000000, Test accuracy: 0.991000
Starting training epoch 12
Epoch : 13, Loss : 0.002304, Accuracy: 1.000000, Test accuracy: 0.991900
Starting training epoch 13
Epoch : 14, Loss : 0.007358, Accuracy: 0.996000, Test accuracy: 0.992100
Starting training epoch 14
Epoch : 15, Loss : 0.004017, Accuracy: 1.000000, Test accuracy: 0.992500
Starting training epoch 15
Epoch : 16, Loss : 0.003199, Accuracy: 1.000000, Test accuracy: 0.990900
Starting training epoch 16
Epoch : 17, Loss : 0.000695, Accuracy: 1.000000, Test accuracy: 0.992200
Starting training epoch 17
Epoch : 18, Loss : 0.000580, Accuracy: 1.000000, Test accuracy: 0.991200
Starting training epoch 18
Epoch : 19, Loss : 0.000740, Accuracy: 1.000000, Test accuracy: 0.992500
Starting training epoch 19
Epoch : 20, Loss : 0.000532, Accuracy: 1.000000, Test accuracy: 0.991900
Starting training epoch 20
Epoch : 21, Loss : 0.002683, Accuracy: 1.000000, Test accuracy: 0.993800
Starting training epoch 21
Epoch : 22, Loss : 0.000106, Accuracy: 1.000000, Test accuracy: 0.992600
Starting training epoch 22
Epoch : 23, Loss : 0.000451, Accuracy: 1.000000, Test accuracy: 0.993400
Starting training epoch 23
Epoch : 24, Loss : 0.003426, Accuracy: 1.000000, Test accuracy: 0.992300
Starting training epoch 24
Epoch : 25, Loss : 0.000060, Accuracy: 1.000000, Test accuracy: 0.992600
Starting training epoch 25
Epoch : 26, Loss : 0.001628, Accuracy: 1.000000, Test accuracy: 0.992300
Starting training epoch 26
Epoch : 27, Loss : 0.001073, Accuracy: 1.000000, Test accuracy: 0.991600
Starting training epoch 27
Epoch : 28, Loss : 0.000125, Accuracy: 1.000000, Test accuracy: 0.993000
Starting training epoch 28
Epoch : 29, Loss : 0.000065, Accuracy: 1.000000, Test accuracy: 0.992300
Starting training epoch 29
Epoch : 30, Loss : 0.000097, Accuracy: 1.000000, Test accuracy: 0.992500
Starting training epoch 30
Epoch : 31, Loss : 0.000115, Accuracy: 1.000000, Test accuracy: 0.992500
Starting training epoch 31
Epoch : 32, Loss : 0.000721, Accuracy: 1.000000, Test accuracy: 0.991800
Starting training epoch 32
Epoch : 33, Loss : 0.000080, Accuracy: 1.000000, Test accuracy: 0.992400
Starting training epoch 33
Epoch : 34, Loss : 0.000126, Accuracy: 1.000000, Test accuracy: 0.992300
Starting training epoch 34
Epoch : 35, Loss : 0.000061, Accuracy: 1.000000, Test accuracy: 0.992400
Starting training epoch 35
Epoch : 36, Loss : 0.000008, Accuracy: 1.000000, Test accuracy: 0.992600
Starting training epoch 36
Epoch : 37, Loss : 0.000061, Accuracy: 1.000000, Test accuracy: 0.991500
Starting training epoch 37
Epoch : 38, Loss : 0.000082, Accuracy: 1.000000, Test accuracy: 0.992300
Starting training epoch 38
Epoch : 39, Loss : 0.000020, Accuracy: 1.000000, Test accuracy: 0.991500
Starting training epoch 39
Epoch : 40, Loss : 0.000828, Accuracy: 1.000000, Test accuracy: 0.992500
Starting training epoch 40
Epoch : 41, Loss : 0.000024, Accuracy: 1.000000, Test accuracy: 0.992100
Starting training epoch 41
Epoch : 42, Loss : 0.000317, Accuracy: 1.000000, Test accuracy: 0.992600
Starting training epoch 42
Epoch : 43, Loss : 0.000009, Accuracy: 1.000000, Test accuracy: 0.992600
Starting training epoch 43
Epoch : 44, Loss : 0.000338, Accuracy: 1.000000, Test accuracy: 0.991900
Starting training epoch 44
Epoch : 45, Loss : 0.000134, Accuracy: 1.000000, Test accuracy: 0.992200
Starting training epoch 45
Epoch : 46, Loss : 0.000039, Accuracy: 1.000000, Test accuracy: 0.993000
Starting training epoch 46
Epoch : 47, Loss : 0.000020, Accuracy: 1.000000, Test accuracy: 0.992400
Starting training epoch 47
Epoch : 48, Loss : 0.000012, Accuracy: 1.000000, Test accuracy: 0.993400
Starting training epoch 48
Epoch : 49, Loss : 0.000023, Accuracy: 1.000000, Test accuracy: 0.993100
Starting training epoch 49
Epoch : 50, Loss : 0.000004, Accuracy: 1.000000, Test accuracy: 0.993800
trainingStudents
Teacher::train
Starting training epoch 0
Epoch : 1, Loss : 0.506957, Accuracy: 0.860000, Test accuracy: 0.868800
Starting training epoch 1
Epoch : 2, Loss : 0.366160, Accuracy: 0.896000, Test accuracy: 0.905400
Starting training epoch 2
Epoch : 3, Loss : 0.294641, Accuracy: 0.920000, Test accuracy: 0.923700
Starting training epoch 3
Epoch : 4, Loss : 0.153314, Accuracy: 0.976000, Test accuracy: 0.931200
Starting training epoch 4
Epoch : 5, Loss : 0.289473, Accuracy: 0.912000, Test accuracy: 0.939800
Starting training epoch 5
Epoch : 6, Loss : 0.190000, Accuracy: 0.952000, Test accuracy: 0.945800
Starting training epoch 6
Epoch : 7, Loss : 0.232817, Accuracy: 0.944000, Test accuracy: 0.949400
Starting training epoch 7
Epoch : 8, Loss : 0.170410, Accuracy: 0.960000, Test accuracy: 0.951400
Starting training epoch 8
Epoch : 9, Loss : 0.200693, Accuracy: 0.944000, Test accuracy: 0.953300
Starting training epoch 9
Epoch : 10, Loss : 0.138539, Accuracy: 0.952000, Test accuracy: 0.956700
Starting training epoch 10
Epoch : 11, Loss : 0.214992, Accuracy: 0.916000, Test accuracy: 0.959900
Starting training epoch 11
Epoch : 12, Loss : 0.103820, Accuracy: 0.964000, Test accuracy: 0.960100
Starting training epoch 12
Epoch : 13, Loss : 0.126451, Accuracy: 0.968000, Test accuracy: 0.962200
Starting training epoch 13
Epoch : 14, Loss : 0.154377, Accuracy: 0.956000, Test accuracy: 0.965000
Starting training epoch 14
Epoch : 15, Loss : 0.084572, Accuracy: 0.968000, Test accuracy: 0.965000
Starting training epoch 15
Epoch : 16, Loss : 0.121552, Accuracy: 0.972000, Test accuracy: 0.966900
Starting training epoch 16
Epoch : 17, Loss : 0.144580, Accuracy: 0.960000, Test accuracy: 0.967500
Starting training epoch 17
Epoch : 18, Loss : 0.107177, Accuracy: 0.956000, Test accuracy: 0.968300
Starting training epoch 18
Epoch : 19, Loss : 0.105324, Accuracy: 0.956000, Test accuracy: 0.970100
Starting training epoch 19
Epoch : 20, Loss : 0.110381, Accuracy: 0.968000, Test accuracy: 0.971000
Starting training epoch 20
Epoch : 21, Loss : 0.053537, Accuracy: 0.984000, Test accuracy: 0.972100
Starting training epoch 21
Epoch : 22, Loss : 0.069456, Accuracy: 0.976000, Test accuracy: 0.971500
Starting training epoch 22
Epoch : 23, Loss : 0.073668, Accuracy: 0.968000, Test accuracy: 0.972500
Starting training epoch 23
Epoch : 24, Loss : 0.108610, Accuracy: 0.972000, Test accuracy: 0.972900
Starting training epoch 24
Epoch : 25, Loss : 0.067582, Accuracy: 0.976000, Test accuracy: 0.974700
Starting training epoch 25
Epoch : 26, Loss : 0.119975, Accuracy: 0.972000, Test accuracy: 0.974200
Starting training epoch 26
Epoch : 27, Loss : 0.101894, Accuracy: 0.964000, Test accuracy: 0.974500
Starting training epoch 27
Epoch : 28, Loss : 0.092507, Accuracy: 0.972000, Test accuracy: 0.974400
Starting training epoch 28
Epoch : 29, Loss : 0.059914, Accuracy: 0.980000, Test accuracy: 0.975600
Starting training epoch 29
Epoch : 30, Loss : 0.092367, Accuracy: 0.972000, Test accuracy: 0.975000
Starting training epoch 30
Epoch : 31, Loss : 0.073774, Accuracy: 0.988000, Test accuracy: 0.975600
Starting training epoch 31
Epoch : 32, Loss : 0.080956, Accuracy: 0.980000, Test accuracy: 0.976600
Starting training epoch 32
Epoch : 33, Loss : 0.063777, Accuracy: 0.980000, Test accuracy: 0.975900
Starting training epoch 33
Epoch : 34, Loss : 0.070840, Accuracy: 0.976000, Test accuracy: 0.976500
Starting training epoch 34
Epoch : 35, Loss : 0.080154, Accuracy: 0.976000, Test accuracy: 0.977700
Starting training epoch 35
Epoch : 36, Loss : 0.063933, Accuracy: 0.984000, Test accuracy: 0.976800
Starting training epoch 36
Epoch : 37, Loss : 0.087002, Accuracy: 0.968000, Test accuracy: 0.978600
Starting training epoch 37
Epoch : 38, Loss : 0.064186, Accuracy: 0.992000, Test accuracy: 0.978900
Starting training epoch 38
Epoch : 39, Loss : 0.050517, Accuracy: 0.972000, Test accuracy: 0.978800
Starting training epoch 39
Epoch : 40, Loss : 0.068911, Accuracy: 0.980000, Test accuracy: 0.978300
Starting training epoch 40
Epoch : 41, Loss : 0.053997, Accuracy: 0.980000, Test accuracy: 0.978400
Starting training epoch 41
Epoch : 42, Loss : 0.058213, Accuracy: 0.984000, Test accuracy: 0.978700
Starting training epoch 42
Epoch : 43, Loss : 0.132169, Accuracy: 0.960000, Test accuracy: 0.978700
Starting training epoch 43
Epoch : 44, Loss : 0.083254, Accuracy: 0.980000, Test accuracy: 0.978900
Starting training epoch 44
Epoch : 45, Loss : 0.023898, Accuracy: 0.992000, Test accuracy: 0.979800
Starting training epoch 45
Epoch : 46, Loss : 0.067568, Accuracy: 0.976000, Test accuracy: 0.979500
Starting training epoch 46
Epoch : 47, Loss : 0.056982, Accuracy: 0.988000, Test accuracy: 0.981200
Starting training epoch 47
Epoch : 48, Loss : 0.052068, Accuracy: 0.984000, Test accuracy: 0.980600
Starting training epoch 48
Epoch : 49, Loss : 0.080970, Accuracy: 0.980000, Test accuracy: 0.981400
Starting training epoch 49
Epoch : 50, Loss : 0.064232, Accuracy: 0.984000, Test accuracy: 0.979800
