Teacher::__init__
Student4:__init__
Student5::__init__
Student::__init__
Student2::__init__
Student3::__init__
> Loading MNIST data...
Extracting MNIST_data/train-images-idx3-ubyte.gz
Extracting MNIST_data/train-labels-idx1-ubyte.gz
Extracting MNIST_data/t10k-images-idx3-ubyte.gz
Extracting MNIST_data/t10k-labels-idx1-ubyte.gz
trainingTeacher
Teacher::train
Starting training epoch 0
Epoch : 1, Loss : 0.075781, Accuracy: 0.972000, Test accuracy: 0.960800
Starting training epoch 1
Epoch : 2, Loss : 0.065724, Accuracy: 0.980000, Test accuracy: 0.976900
Starting training epoch 2
Epoch : 3, Loss : 0.067797, Accuracy: 0.976000, Test accuracy: 0.982500
Starting training epoch 3
Epoch : 4, Loss : 0.030906, Accuracy: 0.988000, Test accuracy: 0.986100
Starting training epoch 4
Epoch : 5, Loss : 0.029137, Accuracy: 0.988000, Test accuracy: 0.985000
Starting training epoch 5
Epoch : 6, Loss : 0.020057, Accuracy: 0.992000, Test accuracy: 0.987300
Starting training epoch 6
Epoch : 7, Loss : 0.017869, Accuracy: 0.992000, Test accuracy: 0.988400
Starting training epoch 7
Epoch : 8, Loss : 0.009591, Accuracy: 1.000000, Test accuracy: 0.990800
Starting training epoch 8
Epoch : 9, Loss : 0.006900, Accuracy: 0.996000, Test accuracy: 0.989100
Starting training epoch 9
Epoch : 10, Loss : 0.006250, Accuracy: 1.000000, Test accuracy: 0.989600
Starting training epoch 10
Epoch : 11, Loss : 0.006642, Accuracy: 1.000000, Test accuracy: 0.990600
Starting training epoch 11
Epoch : 12, Loss : 0.008828, Accuracy: 0.996000, Test accuracy: 0.990800
Starting training epoch 12
Epoch : 13, Loss : 0.002593, Accuracy: 1.000000, Test accuracy: 0.990900
Starting training epoch 13
Epoch : 14, Loss : 0.000963, Accuracy: 1.000000, Test accuracy: 0.991300
Starting training epoch 14
Epoch : 15, Loss : 0.000833, Accuracy: 1.000000, Test accuracy: 0.991300
Starting training epoch 15
Epoch : 16, Loss : 0.004687, Accuracy: 1.000000, Test accuracy: 0.990700
Starting training epoch 16
Epoch : 17, Loss : 0.000931, Accuracy: 1.000000, Test accuracy: 0.990200
Starting training epoch 17
Epoch : 18, Loss : 0.000471, Accuracy: 1.000000, Test accuracy: 0.990900
Starting training epoch 18
Epoch : 19, Loss : 0.002058, Accuracy: 1.000000, Test accuracy: 0.992100
Starting training epoch 19
Epoch : 20, Loss : 0.001969, Accuracy: 1.000000, Test accuracy: 0.991700
Starting training epoch 20
Epoch : 21, Loss : 0.000643, Accuracy: 1.000000, Test accuracy: 0.991300
Starting training epoch 21
Epoch : 22, Loss : 0.002080, Accuracy: 1.000000, Test accuracy: 0.992200
Starting training epoch 22
Epoch : 23, Loss : 0.000300, Accuracy: 1.000000, Test accuracy: 0.991700
Starting training epoch 23
Epoch : 24, Loss : 0.000788, Accuracy: 1.000000, Test accuracy: 0.992300
Starting training epoch 24
Epoch : 25, Loss : 0.000573, Accuracy: 1.000000, Test accuracy: 0.991400
Starting training epoch 25
Epoch : 26, Loss : 0.000124, Accuracy: 1.000000, Test accuracy: 0.992000
Starting training epoch 26
Epoch : 27, Loss : 0.000301, Accuracy: 1.000000, Test accuracy: 0.991900
Starting training epoch 27
Epoch : 28, Loss : 0.000226, Accuracy: 1.000000, Test accuracy: 0.992200
Starting training epoch 28
Epoch : 29, Loss : 0.000516, Accuracy: 1.000000, Test accuracy: 0.991400
Starting training epoch 29
Epoch : 30, Loss : 0.000296, Accuracy: 1.000000, Test accuracy: 0.991000
Starting training epoch 30
Epoch : 31, Loss : 0.000101, Accuracy: 1.000000, Test accuracy: 0.991200
Starting training epoch 31
Epoch : 32, Loss : 0.000539, Accuracy: 1.000000, Test accuracy: 0.992600
Starting training epoch 32
Epoch : 33, Loss : 0.001786, Accuracy: 1.000000, Test accuracy: 0.991400
Starting training epoch 33
Epoch : 34, Loss : 0.000227, Accuracy: 1.000000, Test accuracy: 0.992000
Starting training epoch 34
Epoch : 35, Loss : 0.000314, Accuracy: 1.000000, Test accuracy: 0.992100
Starting training epoch 35
Epoch : 36, Loss : 0.000554, Accuracy: 1.000000, Test accuracy: 0.992200
Starting training epoch 36
Epoch : 37, Loss : 0.000054, Accuracy: 1.000000, Test accuracy: 0.992700
Starting training epoch 37
Epoch : 38, Loss : 0.000094, Accuracy: 1.000000, Test accuracy: 0.992400
Starting training epoch 38
Epoch : 39, Loss : 0.000026, Accuracy: 1.000000, Test accuracy: 0.992100
Starting training epoch 39
Epoch : 40, Loss : 0.003259, Accuracy: 0.996000, Test accuracy: 0.991800
Starting training epoch 40
Epoch : 41, Loss : 0.000026, Accuracy: 1.000000, Test accuracy: 0.991900
Starting training epoch 41
Epoch : 42, Loss : 0.000011, Accuracy: 1.000000, Test accuracy: 0.992000
Starting training epoch 42
Epoch : 43, Loss : 0.000347, Accuracy: 1.000000, Test accuracy: 0.992400
Starting training epoch 43
Epoch : 44, Loss : 0.000026, Accuracy: 1.000000, Test accuracy: 0.992100
Starting training epoch 44
Epoch : 45, Loss : 0.000045, Accuracy: 1.000000, Test accuracy: 0.992300
Starting training epoch 45
Epoch : 46, Loss : 0.000149, Accuracy: 1.000000, Test accuracy: 0.992700
Starting training epoch 46
Epoch : 47, Loss : 0.000008, Accuracy: 1.000000, Test accuracy: 0.990400
Starting training epoch 47
Epoch : 48, Loss : 0.000047, Accuracy: 1.000000, Test accuracy: 0.992900
Starting training epoch 48
Epoch : 49, Loss : 0.000024, Accuracy: 1.000000, Test accuracy: 0.992800
Starting training epoch 49
Epoch : 50, Loss : 0.000029, Accuracy: 1.000000, Test accuracy: 0.991600
Saving to teacher/teacher.ckpt
testing teacher
Loading from teacher/teacher.ckpt
Accuracy on the test set
0.9916
Generating confusion matrix for teacher
[[ 974.    0.    0.    0.    0.    0.    2.    0.    2.    0.]
 [   1. 1135.    3.    0.    0.    0.    2.    4.    1.    2.]
 [   0.    0. 1023.    3.    0.    0.    0.    3.    2.    0.]
 [   0.    0.    0. 1004.    0.    7.    0.    0.    1.    1.]
 [   0.    0.    0.    0.  978.    0.    1.    0.    0.    8.]
 [   1.    0.    0.    2.    0.  882.    1.    0.    1.    5.]
 [   3.    0.    0.    0.    0.    1.  952.    0.    0.    0.]
 [   1.    0.    6.    0.    0.    1.    0. 1020.    2.    6.]
 [   0.    0.    0.    1.    0.    0.    0.    1.  963.    2.]
 [   0.    0.    0.    0.    4.    1.    0.    0.    2.  985.]]
</confusion_matrix>
