Teacher::__init__
Student4:__init__
Student5::__init__
Student::__init__
Student2::__init__
Student3::__init__
> Loading MNIST data...
Extracting MNIST_data/train-images-idx3-ubyte.gz
Extracting MNIST_data/train-labels-idx1-ubyte.gz
Extracting MNIST_data/t10k-images-idx3-ubyte.gz
Extracting MNIST_data/t10k-labels-idx1-ubyte.gz
trainingTeacher
Teacher::train
Starting training epoch 0
Epoch : 1, Loss : 0.074250, Accuracy: 0.984000, Test accuracy: 0.969200
Starting training epoch 1
Epoch : 2, Loss : 0.078444, Accuracy: 0.980000, Test accuracy: 0.977300
Starting training epoch 2
Epoch : 3, Loss : 0.037368, Accuracy: 0.992000, Test accuracy: 0.983100
Starting training epoch 3
Epoch : 4, Loss : 0.027400, Accuracy: 0.992000, Test accuracy: 0.987400
Starting training epoch 4
Epoch : 5, Loss : 0.016286, Accuracy: 0.992000, Test accuracy: 0.987700
Starting training epoch 5
Epoch : 6, Loss : 0.011589, Accuracy: 0.996000, Test accuracy: 0.986900
Starting training epoch 6
Epoch : 7, Loss : 0.010712, Accuracy: 0.996000, Test accuracy: 0.988600
Starting training epoch 7
Epoch : 8, Loss : 0.002741, Accuracy: 1.000000, Test accuracy: 0.990600
Starting training epoch 8
Epoch : 9, Loss : 0.009247, Accuracy: 0.996000, Test accuracy: 0.991500
Starting training epoch 9
Epoch : 10, Loss : 0.002689, Accuracy: 1.000000, Test accuracy: 0.991700
Starting training epoch 10
Epoch : 11, Loss : 0.002237, Accuracy: 1.000000, Test accuracy: 0.991000
Starting training epoch 11
Epoch : 12, Loss : 0.001649, Accuracy: 1.000000, Test accuracy: 0.991100
Starting training epoch 12
Epoch : 13, Loss : 0.005985, Accuracy: 0.996000, Test accuracy: 0.991900
Starting training epoch 13
Epoch : 14, Loss : 0.000660, Accuracy: 1.000000, Test accuracy: 0.991400
Starting training epoch 14
Epoch : 15, Loss : 0.003545, Accuracy: 1.000000, Test accuracy: 0.991200
Starting training epoch 15
Epoch : 16, Loss : 0.000865, Accuracy: 1.000000, Test accuracy: 0.991500
Starting training epoch 16
Epoch : 17, Loss : 0.000824, Accuracy: 1.000000, Test accuracy: 0.991900
Starting training epoch 17
Epoch : 18, Loss : 0.000740, Accuracy: 1.000000, Test accuracy: 0.992200
Starting training epoch 18
Epoch : 19, Loss : 0.000804, Accuracy: 1.000000, Test accuracy: 0.991500
Starting training epoch 19
Epoch : 20, Loss : 0.000994, Accuracy: 1.000000, Test accuracy: 0.992400
Starting training epoch 20
Epoch : 21, Loss : 0.001854, Accuracy: 1.000000, Test accuracy: 0.992000
Starting training epoch 21
Epoch : 22, Loss : 0.001178, Accuracy: 1.000000, Test accuracy: 0.993300
Starting training epoch 22
Epoch : 23, Loss : 0.000811, Accuracy: 1.000000, Test accuracy: 0.992000
Starting training epoch 23
Epoch : 24, Loss : 0.000184, Accuracy: 1.000000, Test accuracy: 0.992400
Starting training epoch 24
Epoch : 25, Loss : 0.001533, Accuracy: 1.000000, Test accuracy: 0.992700
Starting training epoch 25
Epoch : 26, Loss : 0.000163, Accuracy: 1.000000, Test accuracy: 0.992500
Starting training epoch 26
Epoch : 27, Loss : 0.000367, Accuracy: 1.000000, Test accuracy: 0.992000
Starting training epoch 27
Epoch : 28, Loss : 0.000157, Accuracy: 1.000000, Test accuracy: 0.993100
Starting training epoch 28
Epoch : 29, Loss : 0.000120, Accuracy: 1.000000, Test accuracy: 0.992200
Starting training epoch 29
Epoch : 30, Loss : 0.000097, Accuracy: 1.000000, Test accuracy: 0.994100
Starting training epoch 30
Epoch : 31, Loss : 0.000297, Accuracy: 1.000000, Test accuracy: 0.993300
Starting training epoch 31
Epoch : 32, Loss : 0.000184, Accuracy: 1.000000, Test accuracy: 0.992700
Starting training epoch 32
Epoch : 33, Loss : 0.000064, Accuracy: 1.000000, Test accuracy: 0.992900
Starting training epoch 33
Epoch : 34, Loss : 0.000093, Accuracy: 1.000000, Test accuracy: 0.992700
Starting training epoch 34
Epoch : 35, Loss : 0.000033, Accuracy: 1.000000, Test accuracy: 0.992600
Starting training epoch 35
Epoch : 36, Loss : 0.000347, Accuracy: 1.000000, Test accuracy: 0.993200
Starting training epoch 36
Epoch : 37, Loss : 0.000111, Accuracy: 1.000000, Test accuracy: 0.993700
Starting training epoch 37
Epoch : 38, Loss : 0.000054, Accuracy: 1.000000, Test accuracy: 0.993500
Starting training epoch 38
Epoch : 39, Loss : 0.000073, Accuracy: 1.000000, Test accuracy: 0.993700
Starting training epoch 39
Epoch : 40, Loss : 0.000039, Accuracy: 1.000000, Test accuracy: 0.993000
Starting training epoch 40
Epoch : 41, Loss : 0.000446, Accuracy: 1.000000, Test accuracy: 0.992200
Starting training epoch 41
Epoch : 42, Loss : 0.000031, Accuracy: 1.000000, Test accuracy: 0.992700
Starting training epoch 42
Epoch : 43, Loss : 0.000343, Accuracy: 1.000000, Test accuracy: 0.993300
Starting training epoch 43
Epoch : 44, Loss : 0.000253, Accuracy: 1.000000, Test accuracy: 0.992900
Starting training epoch 44
Epoch : 45, Loss : 0.000981, Accuracy: 1.000000, Test accuracy: 0.992800
Starting training epoch 45
Epoch : 46, Loss : 0.000050, Accuracy: 1.000000, Test accuracy: 0.992500
Starting training epoch 46
Epoch : 47, Loss : 0.000114, Accuracy: 1.000000, Test accuracy: 0.993200
Starting training epoch 47
Epoch : 48, Loss : 0.000030, Accuracy: 1.000000, Test accuracy: 0.993200
Starting training epoch 48
Epoch : 49, Loss : 0.000027, Accuracy: 1.000000, Test accuracy: 0.993100
Starting training epoch 49
Epoch : 50, Loss : 0.000020, Accuracy: 1.000000, Test accuracy: 0.993500
Saving to teacher/teacher.ckpt
testing teacher
Loading from teacher/teacher.ckpt
Accuracy on the test set
0.9935
Generating confusion matrix for teacher
[[ 976.    0.    0.    0.    0.    1.    2.    0.    1.    0.]
 [   1. 1134.    2.    0.    0.    0.    2.    2.    2.    0.]
 [   0.    0. 1028.    1.    1.    0.    0.    4.    1.    0.]
 [   0.    1.    0. 1005.    0.    4.    1.    0.    4.    0.]
 [   0.    0.    0.    0.  978.    0.    1.    0.    0.    6.]
 [   0.    0.    0.    3.    0.  886.    1.    0.    1.    3.]
 [   1.    0.    0.    0.    0.    1.  950.    0.    0.    0.]
 [   1.    0.    2.    0.    0.    0.    0. 1019.    2.    2.]
 [   1.    0.    0.    1.    0.    0.    1.    1.  961.    0.]
 [   0.    0.    0.    0.    3.    0.    0.    2.    2.  998.]]
</confusion_matrix>
