Teacher::__init__
Student4:__init__
Student5::__init__
Student::__init__
Student2::__init__
Student3::__init__
> Loading MNIST data...
Extracting MNIST_data/train-images-idx3-ubyte.gz
Extracting MNIST_data/train-labels-idx1-ubyte.gz
Extracting MNIST_data/t10k-images-idx3-ubyte.gz
Extracting MNIST_data/t10k-labels-idx1-ubyte.gz
trainingTeacher
Teacher::train
Starting training epoch 0
Epoch : 1, Loss : 0.111150, Accuracy: 0.972000, Test accuracy: 0.968900
Starting training epoch 1
Epoch : 2, Loss : 0.030110, Accuracy: 0.988000, Test accuracy: 0.978800
Starting training epoch 2
Epoch : 3, Loss : 0.044198, Accuracy: 0.984000, Test accuracy: 0.983700
Starting training epoch 3
Epoch : 4, Loss : 0.046199, Accuracy: 0.988000, Test accuracy: 0.984000
Starting training epoch 4
Epoch : 5, Loss : 0.010361, Accuracy: 1.000000, Test accuracy: 0.987900
Starting training epoch 5
Epoch : 6, Loss : 0.017982, Accuracy: 0.992000, Test accuracy: 0.988000
Starting training epoch 6
Epoch : 7, Loss : 0.017370, Accuracy: 0.992000, Test accuracy: 0.989400
Starting training epoch 7
Epoch : 8, Loss : 0.038232, Accuracy: 0.988000, Test accuracy: 0.990800
Starting training epoch 8
Epoch : 9, Loss : 0.005802, Accuracy: 0.996000, Test accuracy: 0.989600
Starting training epoch 9
Epoch : 10, Loss : 0.005777, Accuracy: 1.000000, Test accuracy: 0.991200
Starting training epoch 10
Epoch : 11, Loss : 0.003945, Accuracy: 1.000000, Test accuracy: 0.990700
Starting training epoch 11
Epoch : 12, Loss : 0.005011, Accuracy: 1.000000, Test accuracy: 0.991500
Starting training epoch 12
Epoch : 13, Loss : 0.002467, Accuracy: 1.000000, Test accuracy: 0.991800
Starting training epoch 13
Epoch : 14, Loss : 0.010070, Accuracy: 0.996000, Test accuracy: 0.991100
Starting training epoch 14
Epoch : 15, Loss : 0.002962, Accuracy: 1.000000, Test accuracy: 0.991200
Starting training epoch 15
Epoch : 16, Loss : 0.001664, Accuracy: 1.000000, Test accuracy: 0.990900
Starting training epoch 16
Epoch : 17, Loss : 0.002148, Accuracy: 1.000000, Test accuracy: 0.990900
Starting training epoch 17
Epoch : 18, Loss : 0.002466, Accuracy: 1.000000, Test accuracy: 0.991800
Starting training epoch 18
Epoch : 19, Loss : 0.001459, Accuracy: 1.000000, Test accuracy: 0.991900
Starting training epoch 19
Epoch : 20, Loss : 0.000882, Accuracy: 1.000000, Test accuracy: 0.992400
Starting training epoch 20
Epoch : 21, Loss : 0.000769, Accuracy: 1.000000, Test accuracy: 0.991800
Starting training epoch 21
Epoch : 22, Loss : 0.001073, Accuracy: 1.000000, Test accuracy: 0.991800
Starting training epoch 22
Epoch : 23, Loss : 0.000367, Accuracy: 1.000000, Test accuracy: 0.991200
Starting training epoch 23
Epoch : 24, Loss : 0.000530, Accuracy: 1.000000, Test accuracy: 0.992500
Starting training epoch 24
Epoch : 25, Loss : 0.001518, Accuracy: 1.000000, Test accuracy: 0.992500
Starting training epoch 25
Epoch : 26, Loss : 0.001471, Accuracy: 1.000000, Test accuracy: 0.992800
Starting training epoch 26
Epoch : 27, Loss : 0.000350, Accuracy: 1.000000, Test accuracy: 0.992100
Starting training epoch 27
Epoch : 28, Loss : 0.000221, Accuracy: 1.000000, Test accuracy: 0.991100
Starting training epoch 28
Epoch : 29, Loss : 0.000059, Accuracy: 1.000000, Test accuracy: 0.991800
Starting training epoch 29
Epoch : 30, Loss : 0.002356, Accuracy: 1.000000, Test accuracy: 0.991700
Starting training epoch 30
Epoch : 31, Loss : 0.002877, Accuracy: 1.000000, Test accuracy: 0.993300
Starting training epoch 31
Epoch : 32, Loss : 0.000439, Accuracy: 1.000000, Test accuracy: 0.992700
Starting training epoch 32
Epoch : 33, Loss : 0.000365, Accuracy: 1.000000, Test accuracy: 0.991000
Starting training epoch 33
Epoch : 34, Loss : 0.000464, Accuracy: 1.000000, Test accuracy: 0.993000
Starting training epoch 34
Epoch : 35, Loss : 0.000425, Accuracy: 1.000000, Test accuracy: 0.992400
Starting training epoch 35
Epoch : 36, Loss : 0.000135, Accuracy: 1.000000, Test accuracy: 0.992000
Starting training epoch 36
Epoch : 37, Loss : 0.000226, Accuracy: 1.000000, Test accuracy: 0.992200
Starting training epoch 37
Epoch : 38, Loss : 0.000021, Accuracy: 1.000000, Test accuracy: 0.993400
Starting training epoch 38
Epoch : 39, Loss : 0.000441, Accuracy: 1.000000, Test accuracy: 0.993300
Starting training epoch 39
Epoch : 40, Loss : 0.000043, Accuracy: 1.000000, Test accuracy: 0.992800
Starting training epoch 40
Epoch : 41, Loss : 0.000031, Accuracy: 1.000000, Test accuracy: 0.992700
Starting training epoch 41
Epoch : 42, Loss : 0.000021, Accuracy: 1.000000, Test accuracy: 0.993300
Starting training epoch 42
Epoch : 43, Loss : 0.000026, Accuracy: 1.000000, Test accuracy: 0.993300
Starting training epoch 43
Epoch : 44, Loss : 0.000076, Accuracy: 1.000000, Test accuracy: 0.992500
Starting training epoch 44
Epoch : 45, Loss : 0.000031, Accuracy: 1.000000, Test accuracy: 0.992300
Starting training epoch 45
Epoch : 46, Loss : 0.000204, Accuracy: 1.000000, Test accuracy: 0.992500
Starting training epoch 46
Epoch : 47, Loss : 0.000076, Accuracy: 1.000000, Test accuracy: 0.992500
Starting training epoch 47
Epoch : 48, Loss : 0.000049, Accuracy: 1.000000, Test accuracy: 0.991900
Starting training epoch 48
Epoch : 49, Loss : 0.000085, Accuracy: 1.000000, Test accuracy: 0.992400
Starting training epoch 49
Epoch : 50, Loss : 0.000044, Accuracy: 1.000000, Test accuracy: 0.992500
Saving to teacher/teacher.ckpt
testing teacher
Loading from teacher/teacher.ckpt
Accuracy on the test set
0.9925
Generating confusion matrix for teacher
[[ 978.    0.    1.    1.    0.    2.    4.    0.    2.    0.]
 [   0. 1133.    1.    0.    0.    0.    2.    2.    0.    1.]
 [   0.    1. 1022.    1.    0.    0.    0.    3.    1.    0.]
 [   0.    0.    0. 1000.    0.    4.    0.    0.    0.    0.]
 [   0.    0.    0.    1.  975.    0.    1.    0.    0.    3.]
 [   0.    0.    0.    3.    0.  884.    1.    0.    0.    3.]
 [   0.    0.    0.    0.    0.    1.  947.    0.    0.    0.]
 [   1.    0.    5.    0.    0.    0.    0. 1018.    2.    1.]
 [   1.    1.    3.    4.    0.    0.    3.    1.  967.    0.]
 [   0.    0.    0.    0.    7.    1.    0.    4.    2. 1001.]]
</confusion_matrix>
