Teacher::__init__
Student4:__init__
Student5::__init__
Student::__init__
Student2::__init__
Student3::__init__
> Loading MNIST data...
Extracting MNIST_data/train-images-idx3-ubyte.gz
Extracting MNIST_data/train-labels-idx1-ubyte.gz
Extracting MNIST_data/t10k-images-idx3-ubyte.gz
Extracting MNIST_data/t10k-labels-idx1-ubyte.gz
trainingTeacher
Teacher::train
Starting training epoch 0
Epoch : 1, Loss : 0.105667, Accuracy: 0.956000, Test accuracy: 0.965800
Starting training epoch 1
Epoch : 2, Loss : 0.057515, Accuracy: 0.980000, Test accuracy: 0.976600
Starting training epoch 2
Epoch : 3, Loss : 0.052599, Accuracy: 0.984000, Test accuracy: 0.980800
Starting training epoch 3
Epoch : 4, Loss : 0.020244, Accuracy: 0.996000, Test accuracy: 0.981700
Starting training epoch 4
Epoch : 5, Loss : 0.028037, Accuracy: 0.996000, Test accuracy: 0.985400
Starting training epoch 5
Epoch : 6, Loss : 0.008116, Accuracy: 0.996000, Test accuracy: 0.985400
Starting training epoch 6
Epoch : 7, Loss : 0.016182, Accuracy: 0.992000, Test accuracy: 0.987500
Starting training epoch 7
Epoch : 8, Loss : 0.004156, Accuracy: 1.000000, Test accuracy: 0.989400
Starting training epoch 8
Epoch : 9, Loss : 0.010781, Accuracy: 1.000000, Test accuracy: 0.990400
Starting training epoch 9
Epoch : 10, Loss : 0.005180, Accuracy: 1.000000, Test accuracy: 0.990100
Starting training epoch 10
Epoch : 11, Loss : 0.010194, Accuracy: 0.996000, Test accuracy: 0.988800
Starting training epoch 11
Epoch : 12, Loss : 0.010527, Accuracy: 0.996000, Test accuracy: 0.991300
Starting training epoch 12
Epoch : 13, Loss : 0.003114, Accuracy: 1.000000, Test accuracy: 0.990600
Starting training epoch 13
Epoch : 14, Loss : 0.003639, Accuracy: 1.000000, Test accuracy: 0.992000
Starting training epoch 14
Epoch : 15, Loss : 0.002590, Accuracy: 1.000000, Test accuracy: 0.991600
Starting training epoch 15
Epoch : 16, Loss : 0.003213, Accuracy: 1.000000, Test accuracy: 0.991000
Starting training epoch 16
Epoch : 17, Loss : 0.025351, Accuracy: 0.996000, Test accuracy: 0.991800
Starting training epoch 17
Epoch : 18, Loss : 0.007339, Accuracy: 0.996000, Test accuracy: 0.991900
Starting training epoch 18
Epoch : 19, Loss : 0.001052, Accuracy: 1.000000, Test accuracy: 0.992200
Starting training epoch 19
Epoch : 20, Loss : 0.000318, Accuracy: 1.000000, Test accuracy: 0.992000
Starting training epoch 20
Epoch : 21, Loss : 0.007179, Accuracy: 0.996000, Test accuracy: 0.992000
Starting training epoch 21
Epoch : 22, Loss : 0.001227, Accuracy: 1.000000, Test accuracy: 0.991900
Starting training epoch 22
Epoch : 23, Loss : 0.000255, Accuracy: 1.000000, Test accuracy: 0.992100
Starting training epoch 23
Epoch : 24, Loss : 0.000789, Accuracy: 1.000000, Test accuracy: 0.991300
Starting training epoch 24
Epoch : 25, Loss : 0.002050, Accuracy: 1.000000, Test accuracy: 0.992500
Starting training epoch 25
Epoch : 26, Loss : 0.003219, Accuracy: 1.000000, Test accuracy: 0.990700
Starting training epoch 26
Epoch : 27, Loss : 0.000214, Accuracy: 1.000000, Test accuracy: 0.992200
Starting training epoch 27
Epoch : 28, Loss : 0.000067, Accuracy: 1.000000, Test accuracy: 0.992400
Starting training epoch 28
Epoch : 29, Loss : 0.010555, Accuracy: 0.992000, Test accuracy: 0.991600
Starting training epoch 29
Epoch : 30, Loss : 0.003276, Accuracy: 1.000000, Test accuracy: 0.992200
Starting training epoch 30
Epoch : 31, Loss : 0.000231, Accuracy: 1.000000, Test accuracy: 0.992600
Starting training epoch 31
Epoch : 32, Loss : 0.000249, Accuracy: 1.000000, Test accuracy: 0.993200
Starting training epoch 32
Epoch : 33, Loss : 0.000685, Accuracy: 1.000000, Test accuracy: 0.992300
Starting training epoch 33
Epoch : 34, Loss : 0.000571, Accuracy: 1.000000, Test accuracy: 0.991800
Starting training epoch 34
Epoch : 35, Loss : 0.000106, Accuracy: 1.000000, Test accuracy: 0.992600
Starting training epoch 35
Epoch : 36, Loss : 0.000035, Accuracy: 1.000000, Test accuracy: 0.992100
Starting training epoch 36
Epoch : 37, Loss : 0.000089, Accuracy: 1.000000, Test accuracy: 0.992300
Starting training epoch 37
Epoch : 38, Loss : 0.000093, Accuracy: 1.000000, Test accuracy: 0.993200
Starting training epoch 38
Epoch : 39, Loss : 0.000037, Accuracy: 1.000000, Test accuracy: 0.993200
Starting training epoch 39
Epoch : 40, Loss : 0.000022, Accuracy: 1.000000, Test accuracy: 0.993300
Starting training epoch 40
Epoch : 41, Loss : 0.000614, Accuracy: 1.000000, Test accuracy: 0.992700
Starting training epoch 41
Epoch : 42, Loss : 0.000016, Accuracy: 1.000000, Test accuracy: 0.993300
Starting training epoch 42
Epoch : 43, Loss : 0.000289, Accuracy: 1.000000, Test accuracy: 0.992100
Starting training epoch 43
Epoch : 44, Loss : 0.000692, Accuracy: 1.000000, Test accuracy: 0.992200
Starting training epoch 44
Epoch : 45, Loss : 0.000128, Accuracy: 1.000000, Test accuracy: 0.993300
Starting training epoch 45
Epoch : 46, Loss : 0.000015, Accuracy: 1.000000, Test accuracy: 0.993700
Starting training epoch 46
Epoch : 47, Loss : 0.000022, Accuracy: 1.000000, Test accuracy: 0.992800
Starting training epoch 47
Epoch : 48, Loss : 0.000037, Accuracy: 1.000000, Test accuracy: 0.992400
Starting training epoch 48
Epoch : 49, Loss : 0.000176, Accuracy: 1.000000, Test accuracy: 0.992100
Starting training epoch 49
Epoch : 50, Loss : 0.000313, Accuracy: 1.000000, Test accuracy: 0.992300
Saving to teacher/teacher.ckpt
testing teacher
Loading from teacher/teacher.ckpt
Accuracy on the test set
0.9923
Generating confusion matrix for teacher
[[ 979.    0.    1.    1.    0.    1.    6.    0.    3.    0.]
 [   0. 1135.    1.    0.    0.    0.    2.    3.    0.    0.]
 [   0.    0. 1019.    0.    0.    0.    0.    1.    1.    0.]
 [   0.    0.    2. 1002.    0.    4.    1.    0.    1.    0.]
 [   0.    0.    1.    0.  980.    0.    2.    0.    0.    7.]
 [   0.    0.    0.    5.    0.  885.    3.    0.    1.    3.]
 [   0.    0.    0.    0.    0.    1.  943.    0.    0.    0.]
 [   1.    0.    5.    0.    0.    0.    0. 1020.    2.    2.]
 [   0.    0.    3.    2.    0.    0.    1.    2.  964.    1.]
 [   0.    0.    0.    0.    2.    1.    0.    2.    2.  996.]]
</confusion_matrix>
