Teacher::__init__
Student4:__init__
Student5::__init__
Student::__init__
Student2::__init__
Student3::__init__
> Loading MNIST data...
Extracting MNIST_data/train-images-idx3-ubyte.gz
Extracting MNIST_data/train-labels-idx1-ubyte.gz
Extracting MNIST_data/t10k-images-idx3-ubyte.gz
Extracting MNIST_data/t10k-labels-idx1-ubyte.gz
trainingTeacher
Teacher::train
Starting training epoch 0
Epoch : 1, Loss : 0.131605, Accuracy: 0.960000, Test accuracy: 0.963000
Starting training epoch 1
Epoch : 2, Loss : 0.070014, Accuracy: 0.976000, Test accuracy: 0.978400
Starting training epoch 2
Epoch : 3, Loss : 0.029201, Accuracy: 0.988000, Test accuracy: 0.984300
Starting training epoch 3
Epoch : 4, Loss : 0.022405, Accuracy: 0.996000, Test accuracy: 0.987000
Starting training epoch 4
Epoch : 5, Loss : 0.042183, Accuracy: 0.984000, Test accuracy: 0.987100
Starting training epoch 5
Epoch : 6, Loss : 0.030007, Accuracy: 0.992000, Test accuracy: 0.988200
Starting training epoch 6
Epoch : 7, Loss : 0.011121, Accuracy: 1.000000, Test accuracy: 0.989900
Starting training epoch 7
Epoch : 8, Loss : 0.013348, Accuracy: 0.996000, Test accuracy: 0.991100
Starting training epoch 8
Epoch : 9, Loss : 0.003286, Accuracy: 1.000000, Test accuracy: 0.991100
Starting training epoch 9
Epoch : 10, Loss : 0.005311, Accuracy: 0.996000, Test accuracy: 0.991600
Starting training epoch 10
Epoch : 11, Loss : 0.011379, Accuracy: 0.996000, Test accuracy: 0.991600
Starting training epoch 11
Epoch : 12, Loss : 0.008634, Accuracy: 0.996000, Test accuracy: 0.992100
Starting training epoch 12
Epoch : 13, Loss : 0.002770, Accuracy: 1.000000, Test accuracy: 0.992200
Starting training epoch 13
Epoch : 14, Loss : 0.004170, Accuracy: 1.000000, Test accuracy: 0.992400
Starting training epoch 14
Epoch : 15, Loss : 0.005223, Accuracy: 1.000000, Test accuracy: 0.992300
Starting training epoch 15
Epoch : 16, Loss : 0.000972, Accuracy: 1.000000, Test accuracy: 0.992300
Starting training epoch 16
Epoch : 17, Loss : 0.000503, Accuracy: 1.000000, Test accuracy: 0.992400
Starting training epoch 17
Epoch : 18, Loss : 0.000859, Accuracy: 1.000000, Test accuracy: 0.992500
Starting training epoch 18
Epoch : 19, Loss : 0.000560, Accuracy: 1.000000, Test accuracy: 0.991600
Starting training epoch 19
Epoch : 20, Loss : 0.000616, Accuracy: 1.000000, Test accuracy: 0.992200
Starting training epoch 20
Epoch : 21, Loss : 0.002810, Accuracy: 1.000000, Test accuracy: 0.992600
Starting training epoch 21
Epoch : 22, Loss : 0.000377, Accuracy: 1.000000, Test accuracy: 0.993000
Starting training epoch 22
Epoch : 23, Loss : 0.000652, Accuracy: 1.000000, Test accuracy: 0.992900
Starting training epoch 23
Epoch : 24, Loss : 0.000344, Accuracy: 1.000000, Test accuracy: 0.993200
Starting training epoch 24
Epoch : 25, Loss : 0.000811, Accuracy: 1.000000, Test accuracy: 0.993100
Starting training epoch 25
Epoch : 26, Loss : 0.000246, Accuracy: 1.000000, Test accuracy: 0.992600
Starting training epoch 26
Epoch : 27, Loss : 0.000157, Accuracy: 1.000000, Test accuracy: 0.992500
Starting training epoch 27
Epoch : 28, Loss : 0.000137, Accuracy: 1.000000, Test accuracy: 0.993300
Starting training epoch 28
Epoch : 29, Loss : 0.000199, Accuracy: 1.000000, Test accuracy: 0.993300
Starting training epoch 29
Epoch : 30, Loss : 0.000481, Accuracy: 1.000000, Test accuracy: 0.992500
Starting training epoch 30
Epoch : 31, Loss : 0.000129, Accuracy: 1.000000, Test accuracy: 0.991900
Starting training epoch 31
Epoch : 32, Loss : 0.000042, Accuracy: 1.000000, Test accuracy: 0.993300
Starting training epoch 32
Epoch : 33, Loss : 0.000073, Accuracy: 1.000000, Test accuracy: 0.992500
Starting training epoch 33
Epoch : 34, Loss : 0.000236, Accuracy: 1.000000, Test accuracy: 0.992900
Starting training epoch 34
Epoch : 35, Loss : 0.000357, Accuracy: 1.000000, Test accuracy: 0.992400
Starting training epoch 35
Epoch : 36, Loss : 0.000140, Accuracy: 1.000000, Test accuracy: 0.993500
Starting training epoch 36
Epoch : 37, Loss : 0.000027, Accuracy: 1.000000, Test accuracy: 0.993500
Starting training epoch 37
Epoch : 38, Loss : 0.000085, Accuracy: 1.000000, Test accuracy: 0.992800
Starting training epoch 38
Epoch : 39, Loss : 0.000032, Accuracy: 1.000000, Test accuracy: 0.992800
Starting training epoch 39
Epoch : 40, Loss : 0.000232, Accuracy: 1.000000, Test accuracy: 0.990900
Starting training epoch 40
Epoch : 41, Loss : 0.000604, Accuracy: 1.000000, Test accuracy: 0.993000
Starting training epoch 41
Epoch : 42, Loss : 0.000024, Accuracy: 1.000000, Test accuracy: 0.992600
Starting training epoch 42
Epoch : 43, Loss : 0.000070, Accuracy: 1.000000, Test accuracy: 0.993200
Starting training epoch 43
Epoch : 44, Loss : 0.000026, Accuracy: 1.000000, Test accuracy: 0.992800
Starting training epoch 44
Epoch : 45, Loss : 0.000009, Accuracy: 1.000000, Test accuracy: 0.993000
Starting training epoch 45
Epoch : 46, Loss : 0.000105, Accuracy: 1.000000, Test accuracy: 0.992600
Starting training epoch 46
Epoch : 47, Loss : 0.000019, Accuracy: 1.000000, Test accuracy: 0.992800
Starting training epoch 47
Epoch : 48, Loss : 0.000145, Accuracy: 1.000000, Test accuracy: 0.993700
Starting training epoch 48
Epoch : 49, Loss : 0.000045, Accuracy: 1.000000, Test accuracy: 0.993500
Starting training epoch 49
Epoch : 50, Loss : 0.000085, Accuracy: 1.000000, Test accuracy: 0.993700
Saving to teacher/teacher.ckpt
testing teacher
Loading from teacher/teacher.ckpt
Accuracy on the test set
0.9937
Generating confusion matrix for teacher
[[ 977.    0.    0.    0.    0.    1.    3.    0.    3.    0.]
 [   1. 1134.    1.    0.    0.    0.    2.    2.    1.    2.]
 [   0.    0. 1029.    1.    0.    0.    0.    3.    2.    0.]
 [   0.    0.    0. 1006.    0.    4.    0.    1.    0.    0.]
 [   0.    0.    0.    0.  975.    0.    1.    0.    0.    5.]
 [   0.    0.    0.    2.    0.  885.    1.    0.    1.    3.]
 [   0.    0.    0.    0.    0.    1.  950.    0.    0.    0.]
 [   1.    0.    1.    0.    0.    0.    0. 1019.    0.    0.]
 [   1.    1.    1.    1.    1.    0.    1.    1.  963.    0.]
 [   0.    0.    0.    0.    6.    1.    0.    2.    4.  999.]]
</confusion_matrix>
