Teacher::__init__
Student4:__init__
Student5::__init__
Student::__init__
Student2::__init__
Student3::__init__
> Loading MNIST data...
Extracting MNIST_data/train-images-idx3-ubyte.gz
Extracting MNIST_data/train-labels-idx1-ubyte.gz
Extracting MNIST_data/t10k-images-idx3-ubyte.gz
Extracting MNIST_data/t10k-labels-idx1-ubyte.gz
trainingTeacher
Teacher::train
Starting training epoch 0
Epoch : 1, Loss : 0.077826, Accuracy: 0.976000, Test accuracy: 0.967200
Starting training epoch 1
Epoch : 2, Loss : 0.062884, Accuracy: 0.984000, Test accuracy: 0.976900
Starting training epoch 2
Epoch : 3, Loss : 0.025362, Accuracy: 0.992000, Test accuracy: 0.982400
Starting training epoch 3
Epoch : 4, Loss : 0.047661, Accuracy: 0.984000, Test accuracy: 0.983400
Starting training epoch 4
Epoch : 5, Loss : 0.010979, Accuracy: 1.000000, Test accuracy: 0.986500
Starting training epoch 5
Epoch : 6, Loss : 0.027365, Accuracy: 0.988000, Test accuracy: 0.987300
Starting training epoch 6
Epoch : 7, Loss : 0.012029, Accuracy: 0.996000, Test accuracy: 0.988600
Starting training epoch 7
Epoch : 8, Loss : 0.014028, Accuracy: 0.992000, Test accuracy: 0.990200
Starting training epoch 8
Epoch : 9, Loss : 0.006060, Accuracy: 1.000000, Test accuracy: 0.989800
Starting training epoch 9
Epoch : 10, Loss : 0.016117, Accuracy: 0.996000, Test accuracy: 0.990900
Starting training epoch 10
Epoch : 11, Loss : 0.003679, Accuracy: 1.000000, Test accuracy: 0.990000
Starting training epoch 11
Epoch : 12, Loss : 0.016230, Accuracy: 0.996000, Test accuracy: 0.991200
Starting training epoch 12
Epoch : 13, Loss : 0.001328, Accuracy: 1.000000, Test accuracy: 0.991100
Starting training epoch 13
Epoch : 14, Loss : 0.002554, Accuracy: 1.000000, Test accuracy: 0.991500
Starting training epoch 14
Epoch : 15, Loss : 0.002782, Accuracy: 1.000000, Test accuracy: 0.992000
Starting training epoch 15
Epoch : 16, Loss : 0.000700, Accuracy: 1.000000, Test accuracy: 0.991500
Starting training epoch 16
Epoch : 17, Loss : 0.002643, Accuracy: 1.000000, Test accuracy: 0.992900
Starting training epoch 17
Epoch : 18, Loss : 0.000766, Accuracy: 1.000000, Test accuracy: 0.991200
Starting training epoch 18
Epoch : 19, Loss : 0.001008, Accuracy: 1.000000, Test accuracy: 0.992500
Starting training epoch 19
Epoch : 20, Loss : 0.000392, Accuracy: 1.000000, Test accuracy: 0.992400
Starting training epoch 20
Epoch : 21, Loss : 0.000891, Accuracy: 1.000000, Test accuracy: 0.991200
Starting training epoch 21
Epoch : 22, Loss : 0.000223, Accuracy: 1.000000, Test accuracy: 0.992300
Starting training epoch 22
Epoch : 23, Loss : 0.000399, Accuracy: 1.000000, Test accuracy: 0.992800
Starting training epoch 23
Epoch : 24, Loss : 0.000735, Accuracy: 1.000000, Test accuracy: 0.992200
Starting training epoch 24
Epoch : 25, Loss : 0.000466, Accuracy: 1.000000, Test accuracy: 0.991000
Starting training epoch 25
Epoch : 26, Loss : 0.002696, Accuracy: 1.000000, Test accuracy: 0.992600
Starting training epoch 26
Epoch : 27, Loss : 0.000699, Accuracy: 1.000000, Test accuracy: 0.992100
Starting training epoch 27
Epoch : 28, Loss : 0.000080, Accuracy: 1.000000, Test accuracy: 0.992900
Starting training epoch 28
Epoch : 29, Loss : 0.000894, Accuracy: 1.000000, Test accuracy: 0.990300
Starting training epoch 29
Epoch : 30, Loss : 0.000293, Accuracy: 1.000000, Test accuracy: 0.991500
Starting training epoch 30
Epoch : 31, Loss : 0.000145, Accuracy: 1.000000, Test accuracy: 0.992400
Starting training epoch 31
Epoch : 32, Loss : 0.000037, Accuracy: 1.000000, Test accuracy: 0.993100
Starting training epoch 32
Epoch : 33, Loss : 0.000097, Accuracy: 1.000000, Test accuracy: 0.991900
Starting training epoch 33
Epoch : 34, Loss : 0.000144, Accuracy: 1.000000, Test accuracy: 0.991500
Starting training epoch 34
Epoch : 35, Loss : 0.000044, Accuracy: 1.000000, Test accuracy: 0.992100
Starting training epoch 35
Epoch : 36, Loss : 0.000027, Accuracy: 1.000000, Test accuracy: 0.991900
Starting training epoch 36
Epoch : 37, Loss : 0.000112, Accuracy: 1.000000, Test accuracy: 0.992400
Starting training epoch 37
Epoch : 38, Loss : 0.000053, Accuracy: 1.000000, Test accuracy: 0.992200
Starting training epoch 38
Epoch : 39, Loss : 0.000170, Accuracy: 1.000000, Test accuracy: 0.991600
Starting training epoch 39
Epoch : 40, Loss : 0.000064, Accuracy: 1.000000, Test accuracy: 0.992300
Starting training epoch 40
Epoch : 41, Loss : 0.000274, Accuracy: 1.000000, Test accuracy: 0.991300
Starting training epoch 41
Epoch : 42, Loss : 0.000027, Accuracy: 1.000000, Test accuracy: 0.992100
Starting training epoch 42
Epoch : 43, Loss : 0.000109, Accuracy: 1.000000, Test accuracy: 0.993200
Starting training epoch 43
Epoch : 44, Loss : 0.000031, Accuracy: 1.000000, Test accuracy: 0.992800
Starting training epoch 44
Epoch : 45, Loss : 0.000020, Accuracy: 1.000000, Test accuracy: 0.992100
Starting training epoch 45
Epoch : 46, Loss : 0.000130, Accuracy: 1.000000, Test accuracy: 0.993600
Starting training epoch 46
Epoch : 47, Loss : 0.000070, Accuracy: 1.000000, Test accuracy: 0.992800
Starting training epoch 47
Epoch : 48, Loss : 0.000310, Accuracy: 1.000000, Test accuracy: 0.992100
Starting training epoch 48
Epoch : 49, Loss : 0.000062, Accuracy: 1.000000, Test accuracy: 0.993200
Starting training epoch 49
Epoch : 50, Loss : 0.000257, Accuracy: 1.000000, Test accuracy: 0.993000
Saving to teacher/teacher.ckpt
testing teacher
Loading from teacher/teacher.ckpt
Accuracy on the test set
0.993
Generating confusion matrix for teacher
[[ 976.    0.    0.    0.    0.    1.    3.    0.    2.    0.]
 [   1. 1129.    1.    0.    0.    0.    1.    2.    0.    0.]
 [   0.    0. 1025.    0.    0.    0.    0.    5.    2.    0.]
 [   0.    1.    0. 1005.    0.    4.    0.    0.    0.    0.]
 [   0.    0.    1.    0.  978.    0.    1.    0.    0.    8.]
 [   0.    1.    0.    2.    0.  886.    1.    0.    0.    3.]
 [   2.    2.    1.    0.    1.    1.  952.    0.    0.    0.]
 [   0.    0.    2.    1.    0.    0.    0. 1015.    1.    1.]
 [   0.    1.    2.    2.    0.    0.    0.    2.  968.    1.]
 [   1.    1.    0.    0.    3.    0.    0.    4.    1.  996.]]
</confusion_matrix>
