Teacher::__init__
Student4:__init__
Student5::__init__
Student::__init__
Student2::__init__
Student3::__init__
> Loading MNIST data...
Extracting MNIST_data/train-images-idx3-ubyte.gz
Extracting MNIST_data/train-labels-idx1-ubyte.gz
Extracting MNIST_data/t10k-images-idx3-ubyte.gz
Extracting MNIST_data/t10k-labels-idx1-ubyte.gz
trainingTeacher
Teacher::train
Starting training epoch 0
Epoch : 1, Loss : 0.140589, Accuracy: 0.964000, Test accuracy: 0.964500
Starting training epoch 1
Epoch : 2, Loss : 0.022479, Accuracy: 0.996000, Test accuracy: 0.977300
Starting training epoch 2
Epoch : 3, Loss : 0.052514, Accuracy: 0.980000, Test accuracy: 0.983100
Starting training epoch 3
Epoch : 4, Loss : 0.032008, Accuracy: 0.988000, Test accuracy: 0.985800
Starting training epoch 4
Epoch : 5, Loss : 0.019881, Accuracy: 0.992000, Test accuracy: 0.986600
Starting training epoch 5
Epoch : 6, Loss : 0.023311, Accuracy: 0.992000, Test accuracy: 0.987800
Starting training epoch 6
Epoch : 7, Loss : 0.017312, Accuracy: 0.996000, Test accuracy: 0.988900
Starting training epoch 7
Epoch : 8, Loss : 0.023539, Accuracy: 0.992000, Test accuracy: 0.989900
Starting training epoch 8
Epoch : 9, Loss : 0.022746, Accuracy: 0.992000, Test accuracy: 0.988300
Starting training epoch 9
Epoch : 10, Loss : 0.003586, Accuracy: 1.000000, Test accuracy: 0.990600
Starting training epoch 10
Epoch : 11, Loss : 0.047861, Accuracy: 0.984000, Test accuracy: 0.989100
Starting training epoch 11
Epoch : 12, Loss : 0.003329, Accuracy: 1.000000, Test accuracy: 0.990400
Starting training epoch 12
Epoch : 13, Loss : 0.007650, Accuracy: 0.996000, Test accuracy: 0.991200
Starting training epoch 13
Epoch : 14, Loss : 0.002710, Accuracy: 1.000000, Test accuracy: 0.990800
Starting training epoch 14
Epoch : 15, Loss : 0.003555, Accuracy: 1.000000, Test accuracy: 0.990900
Starting training epoch 15
Epoch : 16, Loss : 0.002446, Accuracy: 1.000000, Test accuracy: 0.991800
Starting training epoch 16
Epoch : 17, Loss : 0.001422, Accuracy: 1.000000, Test accuracy: 0.991300
Starting training epoch 17
Epoch : 18, Loss : 0.000763, Accuracy: 1.000000, Test accuracy: 0.991900
Starting training epoch 18
Epoch : 19, Loss : 0.001218, Accuracy: 1.000000, Test accuracy: 0.992100
Starting training epoch 19
Epoch : 20, Loss : 0.001319, Accuracy: 1.000000, Test accuracy: 0.992300
Starting training epoch 20
Epoch : 21, Loss : 0.001587, Accuracy: 1.000000, Test accuracy: 0.991100
Starting training epoch 21
Epoch : 22, Loss : 0.001611, Accuracy: 1.000000, Test accuracy: 0.989700
Starting training epoch 22
Epoch : 23, Loss : 0.001282, Accuracy: 1.000000, Test accuracy: 0.992600
Starting training epoch 23
Epoch : 24, Loss : 0.001131, Accuracy: 1.000000, Test accuracy: 0.992100
Starting training epoch 24
Epoch : 25, Loss : 0.003632, Accuracy: 0.996000, Test accuracy: 0.991200
Starting training epoch 25
Epoch : 26, Loss : 0.000172, Accuracy: 1.000000, Test accuracy: 0.992400
Starting training epoch 26
Epoch : 27, Loss : 0.000992, Accuracy: 1.000000, Test accuracy: 0.992400
Starting training epoch 27
Epoch : 28, Loss : 0.001269, Accuracy: 1.000000, Test accuracy: 0.992600
Starting training epoch 28
Epoch : 29, Loss : 0.002779, Accuracy: 1.000000, Test accuracy: 0.991700
Starting training epoch 29
Epoch : 30, Loss : 0.000234, Accuracy: 1.000000, Test accuracy: 0.993300
Starting training epoch 30
Epoch : 31, Loss : 0.000799, Accuracy: 1.000000, Test accuracy: 0.992000
Starting training epoch 31
Epoch : 32, Loss : 0.000512, Accuracy: 1.000000, Test accuracy: 0.992300
Starting training epoch 32
Epoch : 33, Loss : 0.000475, Accuracy: 1.000000, Test accuracy: 0.992300
Starting training epoch 33
Epoch : 34, Loss : 0.000164, Accuracy: 1.000000, Test accuracy: 0.992600
Starting training epoch 34
Epoch : 35, Loss : 0.001062, Accuracy: 1.000000, Test accuracy: 0.992900
Starting training epoch 35
Epoch : 36, Loss : 0.001483, Accuracy: 1.000000, Test accuracy: 0.991400
Starting training epoch 36
Epoch : 37, Loss : 0.000042, Accuracy: 1.000000, Test accuracy: 0.992200
Starting training epoch 37
Epoch : 38, Loss : 0.000015, Accuracy: 1.000000, Test accuracy: 0.992800
Starting training epoch 38
Epoch : 39, Loss : 0.000007, Accuracy: 1.000000, Test accuracy: 0.992000
Starting training epoch 39
Epoch : 40, Loss : 0.000101, Accuracy: 1.000000, Test accuracy: 0.993100
Starting training epoch 40
Epoch : 41, Loss : 0.000048, Accuracy: 1.000000, Test accuracy: 0.992700
Starting training epoch 41
Epoch : 42, Loss : 0.000020, Accuracy: 1.000000, Test accuracy: 0.992200
Starting training epoch 42
Epoch : 43, Loss : 0.000717, Accuracy: 1.000000, Test accuracy: 0.992900
Starting training epoch 43
Epoch : 44, Loss : 0.000019, Accuracy: 1.000000, Test accuracy: 0.993000
Starting training epoch 44
Epoch : 45, Loss : 0.000412, Accuracy: 1.000000, Test accuracy: 0.991800
Starting training epoch 45
Epoch : 46, Loss : 0.000077, Accuracy: 1.000000, Test accuracy: 0.992200
Starting training epoch 46
Epoch : 47, Loss : 0.000084, Accuracy: 1.000000, Test accuracy: 0.993500
Starting training epoch 47
Epoch : 48, Loss : 0.000039, Accuracy: 1.000000, Test accuracy: 0.992800
Starting training epoch 48
Epoch : 49, Loss : 0.000070, Accuracy: 1.000000, Test accuracy: 0.990900
Starting training epoch 49
Epoch : 50, Loss : 0.000186, Accuracy: 1.000000, Test accuracy: 0.992100
Saving to teacher/teacher.ckpt
testing teacher
Loading from teacher/teacher.ckpt
Accuracy on the test set
0.9921
Generating confusion matrix for teacher
[[ 978.    0.    0.    0.    0.    2.    4.    0.    3.    0.]
 [   0. 1134.    0.    0.    0.    0.    2.    2.    0.    0.]
 [   0.    0. 1021.    1.    0.    0.    0.    2.    1.    0.]
 [   0.    0.    1. 1003.    0.    6.    1.    0.    1.    0.]
 [   0.    0.    2.    0.  977.    0.    4.    0.    0.    5.]
 [   0.    1.    0.    3.    0.  881.    1.    0.    1.    4.]
 [   0.    0.    0.    0.    0.    2.  946.    0.    0.    0.]
 [   1.    0.    7.    0.    0.    0.    0. 1021.    1.    4.]
 [   1.    0.    1.    3.    1.    0.    0.    1.  965.    1.]
 [   0.    0.    0.    0.    4.    1.    0.    2.    2.  995.]]
</confusion_matrix>
