Teacher::__init__
Student4:__init__
Student5::__init__
Student::__init__
Student2::__init__
Student3::__init__
> Loading MNIST data...
Extracting MNIST_data/train-images-idx3-ubyte.gz
Extracting MNIST_data/train-labels-idx1-ubyte.gz
Extracting MNIST_data/t10k-images-idx3-ubyte.gz
Extracting MNIST_data/t10k-labels-idx1-ubyte.gz
trainingTeacher
Teacher::train
Starting training epoch 0
Epoch : 1, Loss : 0.076687, Accuracy: 0.984000, Test accuracy: 0.965600
Starting training epoch 1
Epoch : 2, Loss : 0.128843, Accuracy: 0.956000, Test accuracy: 0.977100
Starting training epoch 2
Epoch : 3, Loss : 0.019123, Accuracy: 0.996000, Test accuracy: 0.980300
Starting training epoch 3
Epoch : 4, Loss : 0.025094, Accuracy: 0.996000, Test accuracy: 0.985700
Starting training epoch 4
Epoch : 5, Loss : 0.021681, Accuracy: 0.992000, Test accuracy: 0.986300
Starting training epoch 5
Epoch : 6, Loss : 0.034850, Accuracy: 0.984000, Test accuracy: 0.987200
Starting training epoch 6
Epoch : 7, Loss : 0.022311, Accuracy: 0.992000, Test accuracy: 0.990000
Starting training epoch 7
Epoch : 8, Loss : 0.017891, Accuracy: 0.992000, Test accuracy: 0.989600
Starting training epoch 8
Epoch : 9, Loss : 0.026319, Accuracy: 0.996000, Test accuracy: 0.990600
Starting training epoch 9
Epoch : 10, Loss : 0.013047, Accuracy: 0.996000, Test accuracy: 0.991500
Starting training epoch 10
Epoch : 11, Loss : 0.006674, Accuracy: 0.996000, Test accuracy: 0.989300
Starting training epoch 11
Epoch : 12, Loss : 0.001894, Accuracy: 1.000000, Test accuracy: 0.991600
Starting training epoch 12
Epoch : 13, Loss : 0.001088, Accuracy: 1.000000, Test accuracy: 0.990400
Starting training epoch 13
Epoch : 14, Loss : 0.004337, Accuracy: 1.000000, Test accuracy: 0.991400
Starting training epoch 14
Epoch : 15, Loss : 0.002476, Accuracy: 1.000000, Test accuracy: 0.991000
Starting training epoch 15
Epoch : 16, Loss : 0.004315, Accuracy: 1.000000, Test accuracy: 0.990900
Starting training epoch 16
Epoch : 17, Loss : 0.001272, Accuracy: 1.000000, Test accuracy: 0.991700
Starting training epoch 17
Epoch : 18, Loss : 0.001440, Accuracy: 1.000000, Test accuracy: 0.991000
Starting training epoch 18
Epoch : 19, Loss : 0.000991, Accuracy: 1.000000, Test accuracy: 0.992200
Starting training epoch 19
Epoch : 20, Loss : 0.000537, Accuracy: 1.000000, Test accuracy: 0.992100
Starting training epoch 20
Epoch : 21, Loss : 0.002627, Accuracy: 1.000000, Test accuracy: 0.992700
Starting training epoch 21
Epoch : 22, Loss : 0.000181, Accuracy: 1.000000, Test accuracy: 0.992100
Starting training epoch 22
Epoch : 23, Loss : 0.002271, Accuracy: 1.000000, Test accuracy: 0.991600
Starting training epoch 23
Epoch : 24, Loss : 0.001282, Accuracy: 1.000000, Test accuracy: 0.993000
Starting training epoch 24
Epoch : 25, Loss : 0.000659, Accuracy: 1.000000, Test accuracy: 0.992500
Starting training epoch 25
Epoch : 26, Loss : 0.000398, Accuracy: 1.000000, Test accuracy: 0.992500
Starting training epoch 26
Epoch : 27, Loss : 0.000289, Accuracy: 1.000000, Test accuracy: 0.992300
Starting training epoch 27
Epoch : 28, Loss : 0.000373, Accuracy: 1.000000, Test accuracy: 0.992000
Starting training epoch 28
Epoch : 29, Loss : 0.000259, Accuracy: 1.000000, Test accuracy: 0.992300
Starting training epoch 29
Epoch : 30, Loss : 0.000114, Accuracy: 1.000000, Test accuracy: 0.992600
Starting training epoch 30
Epoch : 31, Loss : 0.000168, Accuracy: 1.000000, Test accuracy: 0.992600
Starting training epoch 31
Epoch : 32, Loss : 0.000190, Accuracy: 1.000000, Test accuracy: 0.992100
Starting training epoch 32
Epoch : 33, Loss : 0.000230, Accuracy: 1.000000, Test accuracy: 0.991300
Starting training epoch 33
Epoch : 34, Loss : 0.000110, Accuracy: 1.000000, Test accuracy: 0.991700
Starting training epoch 34
Epoch : 35, Loss : 0.000129, Accuracy: 1.000000, Test accuracy: 0.992500
Starting training epoch 35
Epoch : 36, Loss : 0.000079, Accuracy: 1.000000, Test accuracy: 0.992500
Starting training epoch 36
Epoch : 37, Loss : 0.000779, Accuracy: 1.000000, Test accuracy: 0.991900
Starting training epoch 37
Epoch : 38, Loss : 0.000042, Accuracy: 1.000000, Test accuracy: 0.992400
Starting training epoch 38
Epoch : 39, Loss : 0.000459, Accuracy: 1.000000, Test accuracy: 0.992000
Starting training epoch 39
Epoch : 40, Loss : 0.000040, Accuracy: 1.000000, Test accuracy: 0.992900
Starting training epoch 40
Epoch : 41, Loss : 0.000038, Accuracy: 1.000000, Test accuracy: 0.992500
Starting training epoch 41
Epoch : 42, Loss : 0.000034, Accuracy: 1.000000, Test accuracy: 0.992500
Starting training epoch 42
Epoch : 43, Loss : 0.000224, Accuracy: 1.000000, Test accuracy: 0.992700
Starting training epoch 43
Epoch : 44, Loss : 0.000034, Accuracy: 1.000000, Test accuracy: 0.992900
Starting training epoch 44
Epoch : 45, Loss : 0.000121, Accuracy: 1.000000, Test accuracy: 0.992800
Starting training epoch 45
Epoch : 46, Loss : 0.000011, Accuracy: 1.000000, Test accuracy: 0.992700
Starting training epoch 46
Epoch : 47, Loss : 0.000071, Accuracy: 1.000000, Test accuracy: 0.992300
Starting training epoch 47
Epoch : 48, Loss : 0.000010, Accuracy: 1.000000, Test accuracy: 0.992700
Starting training epoch 48
Epoch : 49, Loss : 0.000015, Accuracy: 1.000000, Test accuracy: 0.992400
Starting training epoch 49
Epoch : 50, Loss : 0.000021, Accuracy: 1.000000, Test accuracy: 0.992800
Saving to teacher/teacher.ckpt
testing teacher
Loading from teacher/teacher.ckpt
Accuracy on the test set
0.9928
Generating confusion matrix for teacher
[[ 978.    0.    0.    1.    0.    2.    4.    0.    3.    1.]
 [   0. 1134.    1.    0.    0.    0.    3.    3.    1.    1.]
 [   0.    0. 1029.    1.    0.    0.    0.    5.    1.    0.]
 [   0.    0.    0. 1002.    0.    4.    0.    1.    1.    0.]
 [   0.    0.    0.    0.  980.    0.    1.    0.    0.    6.]
 [   0.    0.    0.    3.    0.  884.    3.    0.    0.    5.]
 [   0.    0.    0.    0.    1.    1.  946.    0.    0.    0.]
 [   1.    0.    1.    0.    0.    0.    0. 1018.    1.    2.]
 [   1.    0.    1.    3.    0.    0.    1.    1.  965.    2.]
 [   0.    1.    0.    0.    1.    1.    0.    0.    2.  992.]]
</confusion_matrix>
