Teacher::__init__
Student4:__init__
Student5::__init__
Student::__init__
Student2::__init__
Student3::__init__
> Loading MNIST data...
Extracting MNIST_data/train-images-idx3-ubyte.gz
Extracting MNIST_data/train-labels-idx1-ubyte.gz
Extracting MNIST_data/t10k-images-idx3-ubyte.gz
Extracting MNIST_data/t10k-labels-idx1-ubyte.gz
trainingTeacher
Teacher::train
Starting training epoch 0
Epoch : 1, Loss : 0.054769, Accuracy: 0.988000, Test accuracy: 0.968500
Starting training epoch 1
Epoch : 2, Loss : 0.055040, Accuracy: 0.984000, Test accuracy: 0.979400
Starting training epoch 2
Epoch : 3, Loss : 0.043631, Accuracy: 0.992000, Test accuracy: 0.985400
Starting training epoch 3
Epoch : 4, Loss : 0.030439, Accuracy: 0.984000, Test accuracy: 0.984200
Starting training epoch 4
Epoch : 5, Loss : 0.043254, Accuracy: 0.984000, Test accuracy: 0.984800
Starting training epoch 5
Epoch : 6, Loss : 0.007894, Accuracy: 1.000000, Test accuracy: 0.988700
Starting training epoch 6
Epoch : 7, Loss : 0.010862, Accuracy: 0.996000, Test accuracy: 0.990400
Starting training epoch 7
Epoch : 8, Loss : 0.012834, Accuracy: 0.996000, Test accuracy: 0.989700
Starting training epoch 8
Epoch : 9, Loss : 0.020362, Accuracy: 0.996000, Test accuracy: 0.989800
Starting training epoch 9
Epoch : 10, Loss : 0.024101, Accuracy: 0.992000, Test accuracy: 0.990200
Starting training epoch 10
Epoch : 11, Loss : 0.004855, Accuracy: 1.000000, Test accuracy: 0.992300
Starting training epoch 11
Epoch : 12, Loss : 0.001619, Accuracy: 1.000000, Test accuracy: 0.992800
Starting training epoch 12
Epoch : 13, Loss : 0.005904, Accuracy: 0.996000, Test accuracy: 0.991100
Starting training epoch 13
Epoch : 14, Loss : 0.002906, Accuracy: 1.000000, Test accuracy: 0.991600
Starting training epoch 14
Epoch : 15, Loss : 0.003208, Accuracy: 1.000000, Test accuracy: 0.991200
Starting training epoch 15
Epoch : 16, Loss : 0.001034, Accuracy: 1.000000, Test accuracy: 0.992000
Starting training epoch 16
Epoch : 17, Loss : 0.000314, Accuracy: 1.000000, Test accuracy: 0.992100
Starting training epoch 17
Epoch : 18, Loss : 0.002419, Accuracy: 1.000000, Test accuracy: 0.991500
Starting training epoch 18
Epoch : 19, Loss : 0.001510, Accuracy: 1.000000, Test accuracy: 0.992400
Starting training epoch 19
Epoch : 20, Loss : 0.000784, Accuracy: 1.000000, Test accuracy: 0.992500
Starting training epoch 20
Epoch : 21, Loss : 0.002210, Accuracy: 1.000000, Test accuracy: 0.992000
Starting training epoch 21
Epoch : 22, Loss : 0.002270, Accuracy: 1.000000, Test accuracy: 0.991600
Starting training epoch 22
Epoch : 23, Loss : 0.004412, Accuracy: 0.996000, Test accuracy: 0.992100
Starting training epoch 23
Epoch : 24, Loss : 0.000398, Accuracy: 1.000000, Test accuracy: 0.992500
Starting training epoch 24
Epoch : 25, Loss : 0.000311, Accuracy: 1.000000, Test accuracy: 0.992500
Starting training epoch 25
Epoch : 26, Loss : 0.000106, Accuracy: 1.000000, Test accuracy: 0.991800
Starting training epoch 26
Epoch : 27, Loss : 0.000179, Accuracy: 1.000000, Test accuracy: 0.992500
Starting training epoch 27
Epoch : 28, Loss : 0.003151, Accuracy: 1.000000, Test accuracy: 0.993000
Starting training epoch 28
Epoch : 29, Loss : 0.000126, Accuracy: 1.000000, Test accuracy: 0.992700
Starting training epoch 29
Epoch : 30, Loss : 0.003536, Accuracy: 0.996000, Test accuracy: 0.991200
Starting training epoch 30
Epoch : 31, Loss : 0.000163, Accuracy: 1.000000, Test accuracy: 0.991400
Starting training epoch 31
Epoch : 32, Loss : 0.001143, Accuracy: 1.000000, Test accuracy: 0.992300
Starting training epoch 32
Epoch : 33, Loss : 0.000075, Accuracy: 1.000000, Test accuracy: 0.991700
Starting training epoch 33
Epoch : 34, Loss : 0.000318, Accuracy: 1.000000, Test accuracy: 0.992900
Starting training epoch 34
Epoch : 35, Loss : 0.002085, Accuracy: 1.000000, Test accuracy: 0.992300
Starting training epoch 35
Epoch : 36, Loss : 0.000029, Accuracy: 1.000000, Test accuracy: 0.991800
Starting training epoch 36
Epoch : 37, Loss : 0.000026, Accuracy: 1.000000, Test accuracy: 0.993200
Starting training epoch 37
Epoch : 38, Loss : 0.000190, Accuracy: 1.000000, Test accuracy: 0.992100
Starting training epoch 38
Epoch : 39, Loss : 0.000073, Accuracy: 1.000000, Test accuracy: 0.992700
Starting training epoch 39
Epoch : 40, Loss : 0.000035, Accuracy: 1.000000, Test accuracy: 0.992200
Starting training epoch 40
Epoch : 41, Loss : 0.000010, Accuracy: 1.000000, Test accuracy: 0.993000
Starting training epoch 41
Epoch : 42, Loss : 0.000071, Accuracy: 1.000000, Test accuracy: 0.991700
Starting training epoch 42
Epoch : 43, Loss : 0.000024, Accuracy: 1.000000, Test accuracy: 0.992700
Starting training epoch 43
Epoch : 44, Loss : 0.000322, Accuracy: 1.000000, Test accuracy: 0.993100
Starting training epoch 44
Epoch : 45, Loss : 0.000239, Accuracy: 1.000000, Test accuracy: 0.992100
Starting training epoch 45
Epoch : 46, Loss : 0.000012, Accuracy: 1.000000, Test accuracy: 0.992700
Starting training epoch 46
Epoch : 47, Loss : 0.000017, Accuracy: 1.000000, Test accuracy: 0.992500
Starting training epoch 47
Epoch : 48, Loss : 0.000027, Accuracy: 1.000000, Test accuracy: 0.993100
Starting training epoch 48
Epoch : 49, Loss : 0.000109, Accuracy: 1.000000, Test accuracy: 0.992500
Starting training epoch 49
Epoch : 50, Loss : 0.000007, Accuracy: 1.000000, Test accuracy: 0.993000
Saving to teacher/teacher.ckpt
testing teacher
Loading from teacher/teacher.ckpt
Accuracy on the test set
0.993
Generating confusion matrix for teacher
[[ 977.    0.    0.    0.    0.    2.    3.    0.    1.    1.]
 [   1. 1135.    0.    0.    0.    0.    2.    2.    0.    0.]
 [   0.    0. 1026.    2.    0.    0.    0.    4.    0.    0.]
 [   0.    0.    0. 1001.    0.    3.    0.    1.    0.    0.]
 [   0.    0.    1.    0.  977.    0.    1.    0.    1.    6.]
 [   0.    0.    0.    5.    0.  886.    2.    0.    0.    7.]
 [   0.    0.    0.    0.    1.    1.  949.    0.    0.    0.]
 [   1.    0.    5.    0.    0.    0.    0. 1016.    1.    1.]
 [   1.    0.    0.    2.    0.    0.    1.    1.  969.    0.]
 [   0.    0.    0.    0.    4.    0.    0.    4.    2.  994.]]
</confusion_matrix>
